<?xml version="1.0" encoding="UTF-8"?>
<testsuite xmlns:xsi="http://www.w3.org/2001/XMLSchema-instance" xsi:noNamespaceSchemaLocation="https://maven.apache.org/surefire/maven-surefire-plugin/xsd/surefire-test-report-3.0.xsd" version="3.0" name="TestSuite" time="601.088" tests="30" errors="0" skipped="0" failures="0">
  <properties>
[...]
</properties>
  <testcase name="verifyTheManageUsersPageIsOpenWhileClickingOnUsers" classname="testClasses.ManageUserTestClass" time="6.637">
    <system-out><![CDATA[Directory already exists: C:\Users\Anitha L\eclipse-workspace\com.qaLegendFinal\TestReport
ExtentReport Path for WINDOWS: C:\Users\Anitha L\eclipse-workspace\com.qaLegendFinal\TestReport

Directory already exists: C:\Users\Anitha L\eclipse-workspace\com.qaLegendFinal\TestReport
ExtentReport Path for WINDOWS: C:\Users\Anitha L\eclipse-workspace\com.qaLegendFinal\TestReport

Extent Reports Test Suite started!
verifyTheManageUsersPageIsOpenWhileClickingOnUsers started!
Tour popup appeared and 'End tour' button clicked.
2024-12-28T16:16:14.534535600Z main ERROR Log4j2 could not find a logging implementation. Please add log4j-core to the classpath. Using SimpleLogger to log to the console...
verifyTheManageUsersPageIsOpenWhileClickingOnUsers passed!
]]></system-out>
    <system-err><![CDATA[SLF4J: Failed to load class "org.slf4j.impl.StaticLoggerBinder".
SLF4J: Defaulting to no-operation (NOP) logger implementation
SLF4J: See http://www.slf4j.org/codes.html#StaticLoggerBinder for further details.
Dec 28, 2024 9:46:07 PM org.openqa.selenium.devtools.CdpVersionFinder findNearestMatch
WARNING: Unable to find CDP implementation matching 131
Dec 28, 2024 9:46:07 PM org.openqa.selenium.chromium.ChromiumDriver lambda$new$5
WARNING: Unable to find version of CDP to use for 131.0.6778.205. You may need to include a dependency on a specific version of the CDP using something similar to `org.seleniumhq.selenium:selenium-devtools-v86:4.15.0` where the version ("v86") matches the version of the chromium-based browser you're using and the version number of the artifact is the same as Selenium's.
]]></system-err>
  </testcase>
  <testcase name="verifyTheManageUsersPageIsOpenWhileClickingOnUsers" classname="testClasses.ManageUserTestClass" time="4.414">
    <system-out><![CDATA[Extent Reports Test Suite is ending!
Extent Reports Test Suite started!
verifyTheManageUsersPageIsOpenWhileClickingOnUsers started!
Tour popup appeared and 'End tour' button clicked.
verifyTheManageUsersPageIsOpenWhileClickingOnUsers passed!
]]></system-out>
    <system-err><![CDATA[Dec 28, 2024 9:50:37 PM org.openqa.selenium.devtools.CdpVersionFinder findNearestMatch
WARNING: Unable to find CDP implementation matching 131
Dec 28, 2024 9:50:37 PM org.openqa.selenium.chromium.ChromiumDriver lambda$new$5
WARNING: Unable to find version of CDP to use for 131.0.2903.112. You may need to include a dependency on a specific version of the CDP using something similar to `org.seleniumhq.selenium:selenium-devtools-v86:4.15.0` where the version ("v86") matches the version of the chromium-based browser you're using and the version number of the artifact is the same as Selenium's.
]]></system-err>
  </testcase>
  <testcase name="verifyToAdd_aNewUser" classname="testClasses.ManageUserTestClass" time="11.855">
    <system-out><![CDATA[verifyToAdd_aNewUser started!
Tour popup appeared and 'End tour' button clicked.
User rathu added successfully!!!
verifyToAdd_aNewUser passed!
]]></system-out>
    <system-err><![CDATA[Dec 28, 2024 9:46:22 PM org.openqa.selenium.concurrent.ExecutorServices shutdownGracefully
WARNING: Failed to shutdown Driver Service Executor
Dec 28, 2024 9:46:29 PM org.openqa.selenium.devtools.CdpVersionFinder findNearestMatch
WARNING: Unable to find CDP implementation matching 131
Dec 28, 2024 9:46:29 PM org.openqa.selenium.chromium.ChromiumDriver lambda$new$5
WARNING: Unable to find version of CDP to use for 131.0.6778.205. You may need to include a dependency on a specific version of the CDP using something similar to `org.seleniumhq.selenium:selenium-devtools-v86:4.15.0` where the version ("v86") matches the version of the chromium-based browser you're using and the version number of the artifact is the same as Selenium's.
]]></system-err>
  </testcase>
  <testcase name="verifyToAdd_aNewUser" classname="testClasses.ManageUserTestClass" time="11.361">
    <system-out><![CDATA[verifyToAdd_aNewUser started!
Tour popup appeared and 'End tour' button clicked.
User rathu added successfully!!!
verifyToAdd_aNewUser passed!
]]></system-out>
    <system-err><![CDATA[Dec 28, 2024 9:50:56 PM org.openqa.selenium.devtools.CdpVersionFinder findNearestMatch
WARNING: Unable to find CDP implementation matching 131
Dec 28, 2024 9:50:56 PM org.openqa.selenium.chromium.ChromiumDriver lambda$new$5
WARNING: Unable to find version of CDP to use for 131.0.2903.112. You may need to include a dependency on a specific version of the CDP using something similar to `org.seleniumhq.selenium:selenium-devtools-v86:4.15.0` where the version ("v86") matches the version of the chromium-based browser you're using and the version number of the artifact is the same as Selenium's.
]]></system-err>
  </testcase>
  <testcase name="verifyProductsPageIsOpenWhileClickingOnListProducts" classname="testClasses.ManageProductTestClass" time="5.12">
    <system-out><![CDATA[verifyProductsPageIsOpenWhileClickingOnListProducts started!
Tour popup appeared and 'End tour' button clicked.
verifyProductsPageIsOpenWhileClickingOnListProducts passed!
]]></system-out>
    <system-err><![CDATA[Dec 28, 2024 9:46:57 PM org.openqa.selenium.concurrent.ExecutorServices shutdownGracefully
WARNING: Failed to shutdown Driver Command Executor
Dec 28, 2024 9:47:06 PM org.openqa.selenium.devtools.CdpVersionFinder findNearestMatch
WARNING: Unable to find CDP implementation matching 131
Dec 28, 2024 9:47:06 PM org.openqa.selenium.chromium.ChromiumDriver lambda$new$5
WARNING: Unable to find version of CDP to use for 131.0.6778.205. You may need to include a dependency on a specific version of the CDP using something similar to `org.seleniumhq.selenium:selenium-devtools-v86:4.15.0` where the version ("v86") matches the version of the chromium-based browser you're using and the version number of the artifact is the same as Selenium's.
]]></system-err>
  </testcase>
  <testcase name="verifyProductsPageIsOpenWhileClickingOnListProducts" classname="testClasses.ManageProductTestClass" time="9.495">
    <system-out><![CDATA[verifyProductsPageIsOpenWhileClickingOnListProducts started!
Tour popup appeared and 'End tour' button clicked.
verifyProductsPageIsOpenWhileClickingOnListProducts passed!
]]></system-out>
    <system-err><![CDATA[Dec 28, 2024 9:51:21 PM org.openqa.selenium.devtools.CdpVersionFinder findNearestMatch
WARNING: Unable to find CDP implementation matching 131
Dec 28, 2024 9:51:21 PM org.openqa.selenium.chromium.ChromiumDriver lambda$new$5
WARNING: Unable to find version of CDP to use for 131.0.2903.112. You may need to include a dependency on a specific version of the CDP using something similar to `org.seleniumhq.selenium:selenium-devtools-v86:4.15.0` where the version ("v86") matches the version of the chromium-based browser you're using and the version number of the artifact is the same as Selenium's.
]]></system-err>
  </testcase>
  <testcase name="verifyToCreateA_newProduct" classname="testClasses.ManageProductTestClass" time="11.306">
    <system-out><![CDATA[verifyToCreateA_newProduct started!
Tour popup appeared and 'End tour' button clicked.
Product added successfully!!!
verifyToCreateA_newProduct passed!
]]></system-out>
    <system-err><![CDATA[Dec 28, 2024 9:47:23 PM org.openqa.selenium.devtools.CdpVersionFinder findNearestMatch
WARNING: Unable to find CDP implementation matching 131
Dec 28, 2024 9:47:23 PM org.openqa.selenium.chromium.ChromiumDriver lambda$new$5
WARNING: Unable to find version of CDP to use for 131.0.6778.205. You may need to include a dependency on a specific version of the CDP using something similar to `org.seleniumhq.selenium:selenium-devtools-v86:4.15.0` where the version ("v86") matches the version of the chromium-based browser you're using and the version number of the artifact is the same as Selenium's.
]]></system-err>
  </testcase>
  <testcase name="verifyToCreateA_newProduct" classname="testClasses.ManageProductTestClass" time="11.446">
    <system-out><![CDATA[verifyToCreateA_newProduct started!
Tour popup appeared and 'End tour' button clicked.
Product added successfully!!!
verifyToCreateA_newProduct passed!
]]></system-out>
    <system-err><![CDATA[Dec 28, 2024 9:51:44 PM org.openqa.selenium.devtools.CdpVersionFinder findNearestMatch
WARNING: Unable to find CDP implementation matching 131
Dec 28, 2024 9:51:44 PM org.openqa.selenium.chromium.ChromiumDriver lambda$new$5
WARNING: Unable to find version of CDP to use for 131.0.2903.112. You may need to include a dependency on a specific version of the CDP using something similar to `org.seleniumhq.selenium:selenium-devtools-v86:4.15.0` where the version ("v86") matches the version of the chromium-based browser you're using and the version number of the artifact is the same as Selenium's.
]]></system-err>
  </testcase>
  <testcase name="verifyToDeleteAddedProduct" classname="testClasses.ManageProductTestClass" time="11.818">
    <system-out><![CDATA[verifyToDeleteAddedProduct started!
Tour popup appeared and 'End tour' button clicked.
Product deleted successfully!!!
verifyToDeleteAddedProduct passed!
]]></system-out>
    <system-err><![CDATA[Dec 28, 2024 9:47:46 PM org.openqa.selenium.devtools.CdpVersionFinder findNearestMatch
WARNING: Unable to find CDP implementation matching 131
Dec 28, 2024 9:47:46 PM org.openqa.selenium.chromium.ChromiumDriver lambda$new$5
WARNING: Unable to find version of CDP to use for 131.0.6778.205. You may need to include a dependency on a specific version of the CDP using something similar to `org.seleniumhq.selenium:selenium-devtools-v86:4.15.0` where the version ("v86") matches the version of the chromium-based browser you're using and the version number of the artifact is the same as Selenium's.
]]></system-err>
  </testcase>
  <testcase name="verifyToDeleteAddedProduct" classname="testClasses.ManageProductTestClass" time="34.496">
    <system-out><![CDATA[verifyToDeleteAddedProduct started!
Tour popup appeared and 'End tour' button clicked.
Product deleted successfully!!!
verifyToDeleteAddedProduct passed!
]]></system-out>
    <system-err><![CDATA[Dec 28, 2024 9:52:09 PM org.openqa.selenium.devtools.CdpVersionFinder findNearestMatch
WARNING: Unable to find CDP implementation matching 131
Dec 28, 2024 9:52:09 PM org.openqa.selenium.chromium.ChromiumDriver lambda$new$5
WARNING: Unable to find version of CDP to use for 131.0.2903.112. You may need to include a dependency on a specific version of the CDP using something similar to `org.seleniumhq.selenium:selenium-devtools-v86:4.15.0` where the version ("v86") matches the version of the chromium-based browser you're using and the version number of the artifact is the same as Selenium's.
]]></system-err>
  </testcase>
  <testcase name="verifyAllTilesDisplayedOnHomePage" classname="testClasses.HomePageTestClass" time="2.789">
    <system-out><![CDATA[verifyAllTilesDisplayedOnHomePage started!
Tour popup appeared and 'End tour' button clicked.
verifyAllTilesDisplayedOnHomePage passed!
]]></system-out>
    <system-err><![CDATA[Dec 28, 2024 9:48:12 PM org.openqa.selenium.devtools.CdpVersionFinder findNearestMatch
WARNING: Unable to find CDP implementation matching 131
Dec 28, 2024 9:48:12 PM org.openqa.selenium.chromium.ChromiumDriver lambda$new$5
WARNING: Unable to find version of CDP to use for 131.0.6778.205. You may need to include a dependency on a specific version of the CDP using something similar to `org.seleniumhq.selenium:selenium-devtools-v86:4.15.0` where the version ("v86") matches the version of the chromium-based browser you're using and the version number of the artifact is the same as Selenium's.
]]></system-err>
  </testcase>
  <testcase name="verifyAllTilesDisplayedOnHomePage" classname="testClasses.HomePageTestClass" time="8.997">
    <system-out><![CDATA[verifyAllTilesDisplayedOnHomePage started!
Tour popup appeared and 'End tour' button clicked.
verifyAllTilesDisplayedOnHomePage passed!
]]></system-out>
    <system-err><![CDATA[Dec 28, 2024 9:52:52 PM org.openqa.selenium.concurrent.ExecutorServices shutdownGracefully
WARNING: Failed to shutdown Driver Command Executor
Dec 28, 2024 9:52:59 PM org.openqa.selenium.devtools.CdpVersionFinder findNearestMatch
WARNING: Unable to find CDP implementation matching 131
Dec 28, 2024 9:52:59 PM org.openqa.selenium.chromium.ChromiumDriver lambda$new$5
WARNING: Unable to find version of CDP to use for 131.0.2903.112. You may need to include a dependency on a specific version of the CDP using something similar to `org.seleniumhq.selenium:selenium-devtools-v86:4.15.0` where the version ("v86") matches the version of the chromium-based browser you're using and the version number of the artifact is the same as Selenium's.
]]></system-err>
  </testcase>
  <testcase name="verifySuccessfulSignOut" classname="testClasses.HomePageTestClass" time="4.563">
    <system-out><![CDATA[verifySuccessfulSignOut started!
Tour popup appeared and 'End tour' button clicked.
Signed Out Successfully!!!
verifySuccessfulSignOut passed!
]]></system-out>
    <system-err><![CDATA[Dec 28, 2024 9:48:28 PM org.openqa.selenium.devtools.CdpVersionFinder findNearestMatch
WARNING: Unable to find CDP implementation matching 131
Dec 28, 2024 9:48:28 PM org.openqa.selenium.chromium.ChromiumDriver lambda$new$5
WARNING: Unable to find version of CDP to use for 131.0.6778.205. You may need to include a dependency on a specific version of the CDP using something similar to `org.seleniumhq.selenium:selenium-devtools-v86:4.15.0` where the version ("v86") matches the version of the chromium-based browser you're using and the version number of the artifact is the same as Selenium's.
]]></system-err>
  </testcase>
  <testcase name="verifySuccessfulSignOut" classname="testClasses.HomePageTestClass" time="3.432">
    <system-out><![CDATA[verifySuccessfulSignOut started!
Tour popup appeared and 'End tour' button clicked.
Signed Out Successfully!!!
verifySuccessfulSignOut passed!
]]></system-out>
    <system-err><![CDATA[Dec 28, 2024 9:53:22 PM org.openqa.selenium.devtools.CdpVersionFinder findNearestMatch
WARNING: Unable to find CDP implementation matching 131
Dec 28, 2024 9:53:22 PM org.openqa.selenium.chromium.ChromiumDriver lambda$new$5
WARNING: Unable to find version of CDP to use for 131.0.2903.112. You may need to include a dependency on a specific version of the CDP using something similar to `org.seleniumhq.selenium:selenium-devtools-v86:4.15.0` where the version ("v86") matches the version of the chromium-based browser you're using and the version number of the artifact is the same as Selenium's.
]]></system-err>
  </testcase>
  <testcase name="verifyTheTooltip_Calculator_isShowingWhileHoveringTheMouseOnCalculator" classname="testClasses.HomePageTestClass" time="3.087">
    <system-out><![CDATA[verifyTheTooltip_Calculator_isShowingWhileHoveringTheMouseOnCalculator started!
Tour popup appeared and 'End tour' button clicked.
verifyTheTooltip_Calculator_isShowingWhileHoveringTheMouseOnCalculator passed!
]]></system-out>
    <system-err><![CDATA[Dec 28, 2024 9:48:44 PM org.openqa.selenium.devtools.CdpVersionFinder findNearestMatch
WARNING: Unable to find CDP implementation matching 131
Dec 28, 2024 9:48:44 PM org.openqa.selenium.chromium.ChromiumDriver lambda$new$5
WARNING: Unable to find version of CDP to use for 131.0.6778.205. You may need to include a dependency on a specific version of the CDP using something similar to `org.seleniumhq.selenium:selenium-devtools-v86:4.15.0` where the version ("v86") matches the version of the chromium-based browser you're using and the version number of the artifact is the same as Selenium's.
]]></system-err>
  </testcase>
  <testcase name="verifyTheTooltip_Calculator_isShowingWhileHoveringTheMouseOnCalculator" classname="testClasses.HomePageTestClass" time="3.234">
    <system-out><![CDATA[verifyTheTooltip_Calculator_isShowingWhileHoveringTheMouseOnCalculator started!
Tour popup appeared and 'End tour' button clicked.
verifyTheTooltip_Calculator_isShowingWhileHoveringTheMouseOnCalculator passed!
]]></system-out>
    <system-err><![CDATA[Dec 28, 2024 9:53:34 PM org.openqa.selenium.concurrent.ExecutorServices shutdownGracefully
WARNING: Failed to shutdown Driver Service Executor
Dec 28, 2024 9:53:41 PM org.openqa.selenium.devtools.CdpVersionFinder findNearestMatch
WARNING: Unable to find CDP implementation matching 131
Dec 28, 2024 9:53:41 PM org.openqa.selenium.chromium.ChromiumDriver lambda$new$5
WARNING: Unable to find version of CDP to use for 131.0.2903.112. You may need to include a dependency on a specific version of the CDP using something similar to `org.seleniumhq.selenium:selenium-devtools-v86:4.15.0` where the version ("v86") matches the version of the chromium-based browser you're using and the version number of the artifact is the same as Selenium's.
]]></system-err>
  </testcase>
  <testcase name="verifyTheExactURL_OpensWhileHittingTheBaseURL" classname="testClasses.LoginPageTestClass" time="0.017">
    <system-out><![CDATA[verifyTheExactURL_OpensWhileHittingTheBaseURL started!
verifyTheExactURL_OpensWhileHittingTheBaseURL passed!
]]></system-out>
    <system-err><![CDATA[Dec 28, 2024 9:48:56 PM org.openqa.selenium.concurrent.ExecutorServices shutdownGracefully
WARNING: Failed to shutdown Driver Service Executor
Dec 28, 2024 9:48:59 PM org.openqa.selenium.devtools.CdpVersionFinder findNearestMatch
WARNING: Unable to find CDP implementation matching 131
Dec 28, 2024 9:48:59 PM org.openqa.selenium.chromium.ChromiumDriver lambda$new$5
WARNING: Unable to find version of CDP to use for 131.0.6778.205. You may need to include a dependency on a specific version of the CDP using something similar to `org.seleniumhq.selenium:selenium-devtools-v86:4.15.0` where the version ("v86") matches the version of the chromium-based browser you're using and the version number of the artifact is the same as Selenium's.
]]></system-err>
  </testcase>
  <testcase name="verifyTheExactURL_OpensWhileHittingTheBaseURL" classname="testClasses.LoginPageTestClass" time="0.013">
    <system-out><![CDATA[verifyTheExactURL_OpensWhileHittingTheBaseURL started!
verifyTheExactURL_OpensWhileHittingTheBaseURL passed!
]]></system-out>
    <system-err><![CDATA[Dec 28, 2024 9:53:58 PM org.openqa.selenium.devtools.CdpVersionFinder findNearestMatch
WARNING: Unable to find CDP implementation matching 131
Dec 28, 2024 9:53:58 PM org.openqa.selenium.chromium.ChromiumDriver lambda$new$5
WARNING: Unable to find version of CDP to use for 131.0.2903.112. You may need to include a dependency on a specific version of the CDP using something similar to `org.seleniumhq.selenium:selenium-devtools-v86:4.15.0` where the version ("v86") matches the version of the chromium-based browser you're using and the version number of the artifact is the same as Selenium's.
]]></system-err>
  </testcase>
  <testcase name="verifyTheRememberMeCheckboxIsSelectedByDefault" classname="testClasses.LoginPageTestClass" time="0.051">
    <system-out><![CDATA[verifyTheRememberMeCheckboxIsSelectedByDefault started!
verifyTheRememberMeCheckboxIsSelectedByDefault passed!
]]></system-out>
    <system-err><![CDATA[Dec 28, 2024 9:49:10 PM org.openqa.selenium.devtools.CdpVersionFinder findNearestMatch
WARNING: Unable to find CDP implementation matching 131
Dec 28, 2024 9:49:10 PM org.openqa.selenium.chromium.ChromiumDriver lambda$new$5
WARNING: Unable to find version of CDP to use for 131.0.6778.205. You may need to include a dependency on a specific version of the CDP using something similar to `org.seleniumhq.selenium:selenium-devtools-v86:4.15.0` where the version ("v86") matches the version of the chromium-based browser you're using and the version number of the artifact is the same as Selenium's.
]]></system-err>
  </testcase>
  <testcase name="verifyTheRememberMeCheckboxIsSelectedByDefault" classname="testClasses.LoginPageTestClass" time="0.045">
    <system-out><![CDATA[verifyTheRememberMeCheckboxIsSelectedByDefault started!
verifyTheRememberMeCheckboxIsSelectedByDefault passed!
]]></system-out>
    <system-err><![CDATA[Dec 28, 2024 9:54:33 PM org.openqa.selenium.devtools.CdpVersionFinder findNearestMatch
WARNING: Unable to find CDP implementation matching 131
Dec 28, 2024 9:54:33 PM org.openqa.selenium.chromium.ChromiumDriver lambda$new$5
WARNING: Unable to find version of CDP to use for 131.0.2903.112. You may need to include a dependency on a specific version of the CDP using something similar to `org.seleniumhq.selenium:selenium-devtools-v86:4.15.0` where the version ("v86") matches the version of the chromium-based browser you're using and the version number of the artifact is the same as Selenium's.
]]></system-err>
  </testcase>
  <testcase name="verifyResetPasswordPageComingWhileChickingOnForgotYourPassword" classname="testClasses.LoginPageTestClass" time="1.175">
    <system-out><![CDATA[verifyResetPasswordPageComingWhileChickingOnForgotYourPassword started!
verifyResetPasswordPageComingWhileChickingOnForgotYourPassword passed!
]]></system-out>
    <system-err><![CDATA[Dec 28, 2024 9:49:22 PM org.openqa.selenium.devtools.CdpVersionFinder findNearestMatch
WARNING: Unable to find CDP implementation matching 131
Dec 28, 2024 9:49:22 PM org.openqa.selenium.chromium.ChromiumDriver lambda$new$5
WARNING: Unable to find version of CDP to use for 131.0.6778.205. You may need to include a dependency on a specific version of the CDP using something similar to `org.seleniumhq.selenium:selenium-devtools-v86:4.15.0` where the version ("v86") matches the version of the chromium-based browser you're using and the version number of the artifact is the same as Selenium's.
]]></system-err>
  </testcase>
  <testcase name="verifyResetPasswordPageComingWhileChickingOnForgotYourPassword" classname="testClasses.LoginPageTestClass" time="0.911">
    <system-out><![CDATA[verifyResetPasswordPageComingWhileChickingOnForgotYourPassword started!
verifyResetPasswordPageComingWhileChickingOnForgotYourPassword passed!
]]></system-out>
    <system-err><![CDATA[Dec 28, 2024 9:54:49 PM org.openqa.selenium.devtools.CdpVersionFinder findNearestMatch
WARNING: Unable to find CDP implementation matching 131
Dec 28, 2024 9:54:49 PM org.openqa.selenium.chromium.ChromiumDriver lambda$new$5
WARNING: Unable to find version of CDP to use for 131.0.2903.112. You may need to include a dependency on a specific version of the CDP using something similar to `org.seleniumhq.selenium:selenium-devtools-v86:4.15.0` where the version ("v86") matches the version of the chromium-based browser you're using and the version number of the artifact is the same as Selenium's.
]]></system-err>
  </testcase>
  <testcase name="verifyUnsuccessfulLoginOfTheSite[adm, 123456](1)" classname="testClasses.LoginPageTestClass" time="1.014">
    <system-out><![CDATA[verifyUnsuccessfulLoginOfTheSite started!
verifyUnsuccessfulLoginOfTheSite passed!
]]></system-out>
    <system-err><![CDATA[Dec 28, 2024 9:49:35 PM org.openqa.selenium.devtools.CdpVersionFinder findNearestMatch
WARNING: Unable to find CDP implementation matching 131
Dec 28, 2024 9:49:35 PM org.openqa.selenium.chromium.ChromiumDriver lambda$new$5
WARNING: Unable to find version of CDP to use for 131.0.6778.205. You may need to include a dependency on a specific version of the CDP using something similar to `org.seleniumhq.selenium:selenium-devtools-v86:4.15.0` where the version ("v86") matches the version of the chromium-based browser you're using and the version number of the artifact is the same as Selenium's.
]]></system-err>
  </testcase>
  <testcase name="verifyUnsuccessfulLoginOfTheSite[adm, 123456](1)" classname="testClasses.LoginPageTestClass" time="1.06">
    <system-out><![CDATA[verifyUnsuccessfulLoginOfTheSite started!
verifyUnsuccessfulLoginOfTheSite passed!
]]></system-out>
    <system-err><![CDATA[Dec 28, 2024 9:55:05 PM org.openqa.selenium.devtools.CdpVersionFinder findNearestMatch
WARNING: Unable to find CDP implementation matching 131
Dec 28, 2024 9:55:05 PM org.openqa.selenium.chromium.ChromiumDriver lambda$new$5
WARNING: Unable to find version of CDP to use for 131.0.2903.112. You may need to include a dependency on a specific version of the CDP using something similar to `org.seleniumhq.selenium:selenium-devtools-v86:4.15.0` where the version ("v86") matches the version of the chromium-based browser you're using and the version number of the artifact is the same as Selenium's.
]]></system-err>
  </testcase>
  <testcase name="verifyUnsuccessfulLoginOfTheSite[admin, ad](2)" classname="testClasses.LoginPageTestClass" time="1.101">
    <system-out><![CDATA[verifyUnsuccessfulLoginOfTheSite started!
verifyUnsuccessfulLoginOfTheSite passed!
]]></system-out>
    <system-err><![CDATA[Dec 28, 2024 9:49:45 PM org.openqa.selenium.concurrent.ExecutorServices shutdownGracefully
WARNING: Failed to shutdown Driver Service Executor
Dec 28, 2024 9:49:48 PM org.openqa.selenium.devtools.CdpVersionFinder findNearestMatch
WARNING: Unable to find CDP implementation matching 131
Dec 28, 2024 9:49:48 PM org.openqa.selenium.chromium.ChromiumDriver lambda$new$5
WARNING: Unable to find version of CDP to use for 131.0.6778.205. You may need to include a dependency on a specific version of the CDP using something similar to `org.seleniumhq.selenium:selenium-devtools-v86:4.15.0` where the version ("v86") matches the version of the chromium-based browser you're using and the version number of the artifact is the same as Selenium's.
]]></system-err>
  </testcase>
  <testcase name="verifyUnsuccessfulLoginOfTheSite[admin, ad](2)" classname="testClasses.LoginPageTestClass" time="1.027">
    <system-out><![CDATA[verifyUnsuccessfulLoginOfTheSite started!
verifyUnsuccessfulLoginOfTheSite passed!
]]></system-out>
    <system-err><![CDATA[Dec 28, 2024 9:55:21 PM org.openqa.selenium.devtools.CdpVersionFinder findNearestMatch
WARNING: Unable to find CDP implementation matching 131
Dec 28, 2024 9:55:21 PM org.openqa.selenium.chromium.ChromiumDriver lambda$new$5
WARNING: Unable to find version of CDP to use for 131.0.2903.112. You may need to include a dependency on a specific version of the CDP using something similar to `org.seleniumhq.selenium:selenium-devtools-v86:4.15.0` where the version ("v86") matches the version of the chromium-based browser you're using and the version number of the artifact is the same as Selenium's.
]]></system-err>
  </testcase>
  <testcase name="verifyUnsuccessfulLoginOfTheSite[ad, 124](3)" classname="testClasses.LoginPageTestClass" time="1.007">
    <system-out><![CDATA[verifyUnsuccessfulLoginOfTheSite started!
verifyUnsuccessfulLoginOfTheSite passed!
]]></system-out>
    <system-err><![CDATA[Dec 28, 2024 9:50:01 PM org.openqa.selenium.devtools.CdpVersionFinder findNearestMatch
WARNING: Unable to find CDP implementation matching 131
Dec 28, 2024 9:50:01 PM org.openqa.selenium.chromium.ChromiumDriver lambda$new$5
WARNING: Unable to find version of CDP to use for 131.0.6778.205. You may need to include a dependency on a specific version of the CDP using something similar to `org.seleniumhq.selenium:selenium-devtools-v86:4.15.0` where the version ("v86") matches the version of the chromium-based browser you're using and the version number of the artifact is the same as Selenium's.
]]></system-err>
  </testcase>
  <testcase name="verifyUnsuccessfulLoginOfTheSite[ad, 124](3)" classname="testClasses.LoginPageTestClass" time="1.05">
    <system-out><![CDATA[verifyUnsuccessfulLoginOfTheSite started!
verifyUnsuccessfulLoginOfTheSite passed!
]]></system-out>
    <system-err><![CDATA[Dec 28, 2024 9:55:37 PM org.openqa.selenium.devtools.CdpVersionFinder findNearestMatch
WARNING: Unable to find CDP implementation matching 131
Dec 28, 2024 9:55:37 PM org.openqa.selenium.chromium.ChromiumDriver lambda$new$5
WARNING: Unable to find version of CDP to use for 131.0.2903.112. You may need to include a dependency on a specific version of the CDP using something similar to `org.seleniumhq.selenium:selenium-devtools-v86:4.15.0` where the version ("v86") matches the version of the chromium-based browser you're using and the version number of the artifact is the same as Selenium's.
]]></system-err>
  </testcase>
  <testcase name="verifySuccessfullLogin" classname="testClasses.LoginPageTestClass" time="10.011">
    <system-out><![CDATA[verifySuccessfullLogin started!
Tour popup appeared and 'End tour' button clicked.
verifySuccessfullLogin passed!
]]></system-out>
    <system-err><![CDATA[Dec 28, 2024 9:50:11 PM org.openqa.selenium.concurrent.ExecutorServices shutdownGracefully
WARNING: Failed to shutdown Driver Service Executor
Dec 28, 2024 9:50:14 PM org.openqa.selenium.devtools.CdpVersionFinder findNearestMatch
WARNING: Unable to find CDP implementation matching 131
Dec 28, 2024 9:50:14 PM org.openqa.selenium.chromium.ChromiumDriver lambda$new$5
WARNING: Unable to find version of CDP to use for 131.0.6778.205. You may need to include a dependency on a specific version of the CDP using something similar to `org.seleniumhq.selenium:selenium-devtools-v86:4.15.0` where the version ("v86") matches the version of the chromium-based browser you're using and the version number of the artifact is the same as Selenium's.
]]></system-err>
  </testcase>
  <testcase name="verifySuccessfullLogin" classname="testClasses.LoginPageTestClass" time="2.801">
    <system-out><![CDATA[verifySuccessfullLogin started!
Tour popup appeared and 'End tour' button clicked.
verifySuccessfullLogin passed!
]]></system-out>
    <system-err><![CDATA[Dec 28, 2024 9:55:48 PM org.openqa.selenium.concurrent.ExecutorServices shutdownGracefully
WARNING: Failed to shutdown Driver Service Executor
Dec 28, 2024 9:55:53 PM org.openqa.selenium.devtools.CdpVersionFinder findNearestMatch
WARNING: Unable to find CDP implementation matching 131
Dec 28, 2024 9:55:53 PM org.openqa.selenium.chromium.ChromiumDriver lambda$new$5
WARNING: Unable to find version of CDP to use for 131.0.2903.112. You may need to include a dependency on a specific version of the CDP using something similar to `org.seleniumhq.selenium:selenium-devtools-v86:4.15.0` where the version ("v86") matches the version of the chromium-based browser you're using and the version number of the artifact is the same as Selenium's.
]]></system-err>
  </testcase>
</testsuite>