<?xml version="1.0" encoding="UTF-8"?>
<testng-results ignored="0" total="2" passed="2" failed="0" skipped="0">
  <reporter-output>
  </reporter-output>
  <suite started-at="2024-12-31T21:15:43 IST" name="Suite" finished-at="2024-12-31T21:18:36 IST" duration-ms="173436">
    <groups>
      <group name="Group1">
        <method signature="ManageUserTestClass.verifyToAdd_aNewUser()[pri:1, instance:testClasses.ManageUserTestClass@24111ef1]" name="verifyToAdd_aNewUser" class="testClasses.ManageUserTestClass"/>
      </group> <!-- Group1 -->
      <group name="Group2">
        <method signature="ManageUserTestClass.verifyTheManageUsersPageIsOpenWhileClickingOnUsers()[pri:0, instance:testClasses.ManageUserTestClass@24111ef1]" name="verifyTheManageUsersPageIsOpenWhileClickingOnUsers" class="testClasses.ManageUserTestClass"/>
      </group> <!-- Group2 -->
    </groups>
    <test started-at="2024-12-31T21:15:43 IST" name="Test" finished-at="2024-12-31T21:18:36 IST" duration-ms="173436">
      <class name="testClasses.ManageUserTestClass">
        <test-method is-config="true" signature="createReport()[pri:0, instance:testClasses.ManageUserTestClass@24111ef1]" started-at="2024-12-31T21:15:43 IST" name="createReport" finished-at="2024-12-31T21:15:43 IST" duration-ms="18" status="PASS">
          <reporter-output>
          </reporter-output>
        </test-method> <!-- createReport -->
        <test-method is-config="true" signature="beforeMethod(java.lang.String)[pri:0, instance:testClasses.ManageUserTestClass@24111ef1]" started-at="2024-12-31T21:15:43 IST" name="beforeMethod" finished-at="2024-12-31T21:16:54 IST" duration-ms="71034" status="PASS">
          <params>
            <param index="0">
              <value>
                <![CDATA[chrome]]>
              </value>
            </param>
          </params>
          <reporter-output>
          </reporter-output>
        </test-method> <!-- beforeMethod -->
        <test-method signature="verifyTheManageUsersPageIsOpenWhileClickingOnUsers()[pri:0, instance:testClasses.ManageUserTestClass@24111ef1]" started-at="2024-12-31T21:16:54 IST" name="verifyTheManageUsersPageIsOpenWhileClickingOnUsers" finished-at="2024-12-31T21:17:00 IST" duration-ms="6166" status="PASS">
          <reporter-output>
          </reporter-output>
        </test-method> <!-- verifyTheManageUsersPageIsOpenWhileClickingOnUsers -->
        <test-method is-config="true" signature="afterMethod()[pri:0, instance:testClasses.ManageUserTestClass@24111ef1]" started-at="2024-12-31T21:17:00 IST" name="afterMethod" finished-at="2024-12-31T21:17:20 IST" duration-ms="19382" status="PASS">
          <reporter-output>
          </reporter-output>
        </test-method> <!-- afterMethod -->
        <test-method is-config="true" signature="beforeMethod(java.lang.String)[pri:0, instance:testClasses.ManageUserTestClass@24111ef1]" started-at="2024-12-31T21:17:20 IST" name="beforeMethod" finished-at="2024-12-31T21:18:05 IST" duration-ms="45886" status="PASS">
          <params>
            <param index="0">
              <value>
                <![CDATA[chrome]]>
              </value>
            </param>
          </params>
          <reporter-output>
          </reporter-output>
        </test-method> <!-- beforeMethod -->
        <test-method signature="verifyToAdd_aNewUser()[pri:1, instance:testClasses.ManageUserTestClass@24111ef1]" started-at="2024-12-31T21:18:05 IST" name="verifyToAdd_aNewUser" finished-at="2024-12-31T21:18:16 IST" duration-ms="10880" status="PASS">
          <reporter-output>
          </reporter-output>
        </test-method> <!-- verifyToAdd_aNewUser -->
        <test-method is-config="true" signature="afterMethod()[pri:0, instance:testClasses.ManageUserTestClass@24111ef1]" started-at="2024-12-31T21:18:16 IST" name="afterMethod" finished-at="2024-12-31T21:18:36 IST" duration-ms="20019" status="PASS">
          <reporter-output>
          </reporter-output>
        </test-method> <!-- afterMethod -->
      </class> <!-- testClasses.ManageUserTestClass -->
    </test> <!-- Test -->
  </suite> <!-- Suite -->
</testng-results>
