<?xml version="1.0" encoding="UTF-8"?>
<testsuite xmlns:xsi="http://www.w3.org/2001/XMLSchema-instance" xsi:noNamespaceSchemaLocation="https://maven.apache.org/surefire/maven-surefire-plugin/xsd/surefire-test-report-3.0.xsd" version="3.0" name="TestSuite" time="175.16" tests="2" errors="0" skipped="0" failures="0">
  <properties>
[...]
</properties>
  <testcase name="verifyTheManageUsersPageIsOpenWhileClickingOnUsers" classname="testClasses.ManageUserTestClass" time="6.176">
    <system-out><![CDATA[Directory already exists: C:\Users\Anitha L\git\QAbilling\com.qaLegendFinal\TestReport
ExtentReport Path for WINDOWS: C:\Users\Anitha L\git\QAbilling\com.qaLegendFinal\TestReport

Directory already exists: C:\Users\Anitha L\git\QAbilling\com.qaLegendFinal\TestReport
ExtentReport Path for WINDOWS: C:\Users\Anitha L\git\QAbilling\com.qaLegendFinal\TestReport

Extent Reports Test Suite started!
verifyTheManageUsersPageIsOpenWhileClickingOnUsers started!
Tour popup appeared and 'End tour' button clicked.
2024-12-31T15:46:59.430388300Z main ERROR Log4j2 could not find a logging implementation. Please add log4j-core to the classpath. Using SimpleLogger to log to the console...
verifyTheManageUsersPageIsOpenWhileClickingOnUsers passed!
]]></system-out>
    <system-err><![CDATA[SLF4J: Failed to load class "org.slf4j.impl.StaticLoggerBinder".
SLF4J: Defaulting to no-operation (NOP) logger implementation
SLF4J: See http://www.slf4j.org/codes.html#StaticLoggerBinder for further details.
Dec 31, 2024 9:16:49 PM org.openqa.selenium.devtools.CdpVersionFinder findNearestMatch
WARNING: Unable to find CDP implementation matching 131
Dec 31, 2024 9:16:49 PM org.openqa.selenium.chromium.ChromiumDriver lambda$new$5
WARNING: Unable to find version of CDP to use for 131.0.6778.205. You may need to include a dependency on a specific version of the CDP using something similar to `org.seleniumhq.selenium:selenium-devtools-v86:4.15.0` where the version ("v86") matches the version of the chromium-based browser you're using and the version number of the artifact is the same as Selenium's.
]]></system-err>
  </testcase>
  <testcase name="verifyToAdd_aNewUser" classname="testClasses.ManageUserTestClass" time="10.881">
    <system-out><![CDATA[verifyToAdd_aNewUser started!
Tour popup appeared and 'End tour' button clicked.
User rathu added successfully!!!
verifyToAdd_aNewUser passed!
]]></system-out>
    <system-err><![CDATA[Dec 31, 2024 9:17:20 PM org.openqa.selenium.concurrent.ExecutorServices shutdownGracefully
WARNING: Failed to shutdown Driver Command Executor
Dec 31, 2024 9:17:58 PM org.openqa.selenium.devtools.CdpVersionFinder findNearestMatch
WARNING: Unable to find CDP implementation matching 131
Dec 31, 2024 9:17:58 PM org.openqa.selenium.chromium.ChromiumDriver lambda$new$5
WARNING: Unable to find version of CDP to use for 131.0.6778.205. You may need to include a dependency on a specific version of the CDP using something similar to `org.seleniumhq.selenium:selenium-devtools-v86:4.15.0` where the version ("v86") matches the version of the chromium-based browser you're using and the version number of the artifact is the same as Selenium's.
]]></system-err>
  </testcase>
</testsuite>