<?xml version="1.0" encoding="UTF-8"?>
<testng-results ignored="0" total="30" passed="30" failed="0" skipped="0">
  <reporter-output>
  </reporter-output>
  <suite started-at="2024-12-28T21:46:05 IST" name="Suite" finished-at="2024-12-28T21:56:04 IST" duration-ms="599863">
    <groups>
      <group name="Group1">
        <method signature="LoginPageTestClass.verifyTheExactURL_OpensWhileHittingTheBaseURL()[pri:0, instance:testClasses.LoginPageTestClass@25aca718]" name="verifyTheExactURL_OpensWhileHittingTheBaseURL" class="testClasses.LoginPageTestClass"/>
        <method signature="HomePageTestClass.verifySuccessfulSignOut()[pri:1, instance:testClasses.HomePageTestClass@74f5ce22]" name="verifySuccessfulSignOut" class="testClasses.HomePageTestClass"/>
        <method signature="ManageProductTestClass.verifyToCreateA_newProduct()[pri:1, instance:testClasses.ManageProductTestClass@6f3c660a]" name="verifyToCreateA_newProduct" class="testClasses.ManageProductTestClass"/>
        <method signature="ManageUserTestClass.verifyToAdd_aNewUser()[pri:1, instance:testClasses.ManageUserTestClass@7803bfd]" name="verifyToAdd_aNewUser" class="testClasses.ManageUserTestClass"/>
        <method signature="ManageProductTestClass.verifyToDeleteAddedProduct()[pri:2, instance:testClasses.ManageProductTestClass@6f3c660a]" name="verifyToDeleteAddedProduct" class="testClasses.ManageProductTestClass"/>
        <method signature="LoginPageTestClass.verifyUnsuccessfulLoginOfTheSite(java.lang.String,java.lang.String)[pri:3, instance:testClasses.LoginPageTestClass@25aca718]" name="verifyUnsuccessfulLoginOfTheSite" class="testClasses.LoginPageTestClass"/>
        <method signature="LoginPageTestClass.verifySuccessfullLogin()[pri:4, instance:testClasses.LoginPageTestClass@25aca718]" name="verifySuccessfullLogin" class="testClasses.LoginPageTestClass"/>
        <method signature="LoginPageTestClass.verifyTheExactURL_OpensWhileHittingTheBaseURL()[pri:0, instance:testClasses.LoginPageTestClass@7241a47d]" name="verifyTheExactURL_OpensWhileHittingTheBaseURL" class="testClasses.LoginPageTestClass"/>
        <method signature="HomePageTestClass.verifySuccessfulSignOut()[pri:1, instance:testClasses.HomePageTestClass@1a760689]" name="verifySuccessfulSignOut" class="testClasses.HomePageTestClass"/>
        <method signature="ManageProductTestClass.verifyToCreateA_newProduct()[pri:1, instance:testClasses.ManageProductTestClass@3f270e0a]" name="verifyToCreateA_newProduct" class="testClasses.ManageProductTestClass"/>
        <method signature="ManageUserTestClass.verifyToAdd_aNewUser()[pri:1, instance:testClasses.ManageUserTestClass@5adb0db3]" name="verifyToAdd_aNewUser" class="testClasses.ManageUserTestClass"/>
        <method signature="ManageProductTestClass.verifyToDeleteAddedProduct()[pri:2, instance:testClasses.ManageProductTestClass@3f270e0a]" name="verifyToDeleteAddedProduct" class="testClasses.ManageProductTestClass"/>
        <method signature="LoginPageTestClass.verifyUnsuccessfulLoginOfTheSite(java.lang.String,java.lang.String)[pri:3, instance:testClasses.LoginPageTestClass@7241a47d]" name="verifyUnsuccessfulLoginOfTheSite" class="testClasses.LoginPageTestClass"/>
        <method signature="LoginPageTestClass.verifySuccessfullLogin()[pri:4, instance:testClasses.LoginPageTestClass@7241a47d]" name="verifySuccessfullLogin" class="testClasses.LoginPageTestClass"/>
      </group> <!-- Group1 -->
      <group name="Group2">
        <method signature="HomePageTestClass.verifyAllTilesDisplayedOnHomePage()[pri:0, instance:testClasses.HomePageTestClass@74f5ce22]" name="verifyAllTilesDisplayedOnHomePage" class="testClasses.HomePageTestClass"/>
        <method signature="ManageProductTestClass.verifyProductsPageIsOpenWhileClickingOnListProducts()[pri:0, instance:testClasses.ManageProductTestClass@6f3c660a]" name="verifyProductsPageIsOpenWhileClickingOnListProducts" class="testClasses.ManageProductTestClass"/>
        <method signature="ManageUserTestClass.verifyTheManageUsersPageIsOpenWhileClickingOnUsers()[pri:0, instance:testClasses.ManageUserTestClass@7803bfd]" name="verifyTheManageUsersPageIsOpenWhileClickingOnUsers" class="testClasses.ManageUserTestClass"/>
        <method signature="LoginPageTestClass.verifyTheRememberMeCheckboxIsSelectedByDefault()[pri:1, instance:testClasses.LoginPageTestClass@25aca718]" name="verifyTheRememberMeCheckboxIsSelectedByDefault" class="testClasses.LoginPageTestClass"/>
        <method signature="HomePageTestClass.verifyTheTooltip_Calculator_isShowingWhileHoveringTheMouseOnCalculator()[pri:2, instance:testClasses.HomePageTestClass@74f5ce22]" name="verifyTheTooltip_Calculator_isShowingWhileHoveringTheMouseOnCalculator" class="testClasses.HomePageTestClass"/>
        <method signature="LoginPageTestClass.verifyResetPasswordPageComingWhileChickingOnForgotYourPassword()[pri:2, instance:testClasses.LoginPageTestClass@25aca718]" name="verifyResetPasswordPageComingWhileChickingOnForgotYourPassword" class="testClasses.LoginPageTestClass"/>
        <method signature="HomePageTestClass.verifyAllTilesDisplayedOnHomePage()[pri:0, instance:testClasses.HomePageTestClass@1a760689]" name="verifyAllTilesDisplayedOnHomePage" class="testClasses.HomePageTestClass"/>
        <method signature="ManageProductTestClass.verifyProductsPageIsOpenWhileClickingOnListProducts()[pri:0, instance:testClasses.ManageProductTestClass@3f270e0a]" name="verifyProductsPageIsOpenWhileClickingOnListProducts" class="testClasses.ManageProductTestClass"/>
        <method signature="ManageUserTestClass.verifyTheManageUsersPageIsOpenWhileClickingOnUsers()[pri:0, instance:testClasses.ManageUserTestClass@5adb0db3]" name="verifyTheManageUsersPageIsOpenWhileClickingOnUsers" class="testClasses.ManageUserTestClass"/>
        <method signature="LoginPageTestClass.verifyTheRememberMeCheckboxIsSelectedByDefault()[pri:1, instance:testClasses.LoginPageTestClass@7241a47d]" name="verifyTheRememberMeCheckboxIsSelectedByDefault" class="testClasses.LoginPageTestClass"/>
        <method signature="HomePageTestClass.verifyTheTooltip_Calculator_isShowingWhileHoveringTheMouseOnCalculator()[pri:2, instance:testClasses.HomePageTestClass@1a760689]" name="verifyTheTooltip_Calculator_isShowingWhileHoveringTheMouseOnCalculator" class="testClasses.HomePageTestClass"/>
        <method signature="LoginPageTestClass.verifyResetPasswordPageComingWhileChickingOnForgotYourPassword()[pri:2, instance:testClasses.LoginPageTestClass@7241a47d]" name="verifyResetPasswordPageComingWhileChickingOnForgotYourPassword" class="testClasses.LoginPageTestClass"/>
      </group> <!-- Group2 -->
    </groups>
    <test started-at="2024-12-28T21:46:05 IST" name="ChromeTest" finished-at="2024-12-28T21:50:33 IST" duration-ms="267989">
      <class name="testClasses.ManageUserTestClass">
        <test-method is-config="true" signature="beforeMethod(java.lang.String)[pri:0, instance:testClasses.ManageUserTestClass@7803bfd]" started-at="2024-12-28T21:46:05 IST" name="beforeMethod" finished-at="2024-12-28T21:46:09 IST" duration-ms="4113" status="PASS">
          <params>
            <param index="0">
              <value>
                <![CDATA[chrome]]>
              </value>
            </param>
          </params>
          <reporter-output>
          </reporter-output>
        </test-method> <!-- beforeMethod -->
        <test-method signature="verifyTheManageUsersPageIsOpenWhileClickingOnUsers()[pri:0, instance:testClasses.ManageUserTestClass@7803bfd]" started-at="2024-12-28T21:46:09 IST" name="verifyTheManageUsersPageIsOpenWhileClickingOnUsers" finished-at="2024-12-28T21:46:15 IST" duration-ms="6633" status="PASS">
          <reporter-output>
          </reporter-output>
        </test-method> <!-- verifyTheManageUsersPageIsOpenWhileClickingOnUsers -->
        <test-method is-config="true" signature="afterMethod()[pri:0, instance:testClasses.ManageUserTestClass@7803bfd]" started-at="2024-12-28T21:46:15 IST" name="afterMethod" finished-at="2024-12-28T21:46:22 IST" duration-ms="7155" status="PASS">
          <reporter-output>
          </reporter-output>
        </test-method> <!-- afterMethod -->
        <test-method is-config="true" signature="beforeMethod(java.lang.String)[pri:0, instance:testClasses.ManageUserTestClass@7803bfd]" started-at="2024-12-28T21:46:22 IST" name="beforeMethod" finished-at="2024-12-28T21:46:38 IST" duration-ms="15670" status="PASS">
          <params>
            <param index="0">
              <value>
                <![CDATA[chrome]]>
              </value>
            </param>
          </params>
          <reporter-output>
          </reporter-output>
        </test-method> <!-- beforeMethod -->
        <test-method signature="verifyToAdd_aNewUser()[pri:1, instance:testClasses.ManageUserTestClass@7803bfd]" started-at="2024-12-28T21:46:38 IST" name="verifyToAdd_aNewUser" finished-at="2024-12-28T21:46:50 IST" duration-ms="11855" status="PASS">
          <reporter-output>
          </reporter-output>
        </test-method> <!-- verifyToAdd_aNewUser -->
        <test-method is-config="true" signature="afterMethod()[pri:0, instance:testClasses.ManageUserTestClass@7803bfd]" started-at="2024-12-28T21:46:50 IST" name="afterMethod" finished-at="2024-12-28T21:46:57 IST" duration-ms="7140" status="PASS">
          <reporter-output>
          </reporter-output>
        </test-method> <!-- afterMethod -->
      </class> <!-- testClasses.ManageUserTestClass -->
      <class name="testClasses.HomePageTestClass">
        <test-method is-config="true" signature="beforeMethod(java.lang.String)[pri:0, instance:testClasses.HomePageTestClass@74f5ce22]" started-at="2024-12-28T21:48:09 IST" name="beforeMethod" finished-at="2024-12-28T21:48:14 IST" duration-ms="4745" status="PASS">
          <params>
            <param index="0">
              <value>
                <![CDATA[chrome]]>
              </value>
            </param>
          </params>
          <reporter-output>
          </reporter-output>
        </test-method> <!-- beforeMethod -->
        <test-method signature="verifyAllTilesDisplayedOnHomePage()[pri:0, instance:testClasses.HomePageTestClass@74f5ce22]" started-at="2024-12-28T21:48:14 IST" name="verifyAllTilesDisplayedOnHomePage" finished-at="2024-12-28T21:48:16 IST" duration-ms="2790" status="PASS">
          <reporter-output>
          </reporter-output>
        </test-method> <!-- verifyAllTilesDisplayedOnHomePage -->
        <test-method is-config="true" signature="afterMethod()[pri:0, instance:testClasses.HomePageTestClass@74f5ce22]" started-at="2024-12-28T21:48:16 IST" name="afterMethod" finished-at="2024-12-28T21:48:23 IST" duration-ms="7105" status="PASS">
          <reporter-output>
          </reporter-output>
        </test-method> <!-- afterMethod -->
        <test-method is-config="true" signature="beforeMethod(java.lang.String)[pri:0, instance:testClasses.HomePageTestClass@74f5ce22]" started-at="2024-12-28T21:48:23 IST" name="beforeMethod" finished-at="2024-12-28T21:48:29 IST" duration-ms="6021" status="PASS">
          <params>
            <param index="0">
              <value>
                <![CDATA[chrome]]>
              </value>
            </param>
          </params>
          <reporter-output>
          </reporter-output>
        </test-method> <!-- beforeMethod -->
        <test-method signature="verifySuccessfulSignOut()[pri:1, instance:testClasses.HomePageTestClass@74f5ce22]" started-at="2024-12-28T21:48:29 IST" name="verifySuccessfulSignOut" finished-at="2024-12-28T21:48:34 IST" duration-ms="4563" status="PASS">
          <reporter-output>
          </reporter-output>
        </test-method> <!-- verifySuccessfulSignOut -->
        <test-method is-config="true" signature="afterMethod()[pri:0, instance:testClasses.HomePageTestClass@74f5ce22]" started-at="2024-12-28T21:48:34 IST" name="afterMethod" finished-at="2024-12-28T21:48:41 IST" duration-ms="7109" status="PASS">
          <reporter-output>
          </reporter-output>
        </test-method> <!-- afterMethod -->
        <test-method is-config="true" signature="beforeMethod(java.lang.String)[pri:0, instance:testClasses.HomePageTestClass@74f5ce22]" started-at="2024-12-28T21:48:41 IST" name="beforeMethod" finished-at="2024-12-28T21:48:45 IST" duration-ms="4317" status="PASS">
          <params>
            <param index="0">
              <value>
                <![CDATA[chrome]]>
              </value>
            </param>
          </params>
          <reporter-output>
          </reporter-output>
        </test-method> <!-- beforeMethod -->
        <test-method signature="verifyTheTooltip_Calculator_isShowingWhileHoveringTheMouseOnCalculator()[pri:2, instance:testClasses.HomePageTestClass@74f5ce22]" started-at="2024-12-28T21:48:45 IST" name="verifyTheTooltip_Calculator_isShowingWhileHoveringTheMouseOnCalculator" finished-at="2024-12-28T21:48:49 IST" duration-ms="3085" status="PASS">
          <reporter-output>
          </reporter-output>
        </test-method> <!-- verifyTheTooltip_Calculator_isShowingWhileHoveringTheMouseOnCalculator -->
        <test-method is-config="true" signature="afterMethod()[pri:0, instance:testClasses.HomePageTestClass@74f5ce22]" started-at="2024-12-28T21:48:49 IST" name="afterMethod" finished-at="2024-12-28T21:48:56 IST" duration-ms="7183" status="PASS">
          <reporter-output>
          </reporter-output>
        </test-method> <!-- afterMethod -->
      </class> <!-- testClasses.HomePageTestClass -->
      <class name="testClasses.LoginPageTestClass">
        <test-method is-config="true" signature="beforeMethod(java.lang.String)[pri:0, instance:testClasses.LoginPageTestClass@25aca718]" started-at="2024-12-28T21:48:56 IST" name="beforeMethod" finished-at="2024-12-28T21:49:00 IST" duration-ms="4338" status="PASS">
          <params>
            <param index="0">
              <value>
                <![CDATA[chrome]]>
              </value>
            </param>
          </params>
          <reporter-output>
          </reporter-output>
        </test-method> <!-- beforeMethod -->
        <test-method signature="verifyTheExactURL_OpensWhileHittingTheBaseURL()[pri:0, instance:testClasses.LoginPageTestClass@25aca718]" started-at="2024-12-28T21:49:00 IST" name="verifyTheExactURL_OpensWhileHittingTheBaseURL" finished-at="2024-12-28T21:49:00 IST" duration-ms="15" status="PASS">
          <reporter-output>
          </reporter-output>
        </test-method> <!-- verifyTheExactURL_OpensWhileHittingTheBaseURL -->
        <test-method is-config="true" signature="afterMethod()[pri:0, instance:testClasses.LoginPageTestClass@25aca718]" started-at="2024-12-28T21:49:00 IST" name="afterMethod" finished-at="2024-12-28T21:49:07 IST" duration-ms="7129" status="PASS">
          <reporter-output>
          </reporter-output>
        </test-method> <!-- afterMethod -->
        <test-method is-config="true" signature="beforeMethod(java.lang.String)[pri:0, instance:testClasses.LoginPageTestClass@25aca718]" started-at="2024-12-28T21:49:07 IST" name="beforeMethod" finished-at="2024-12-28T21:49:12 IST" duration-ms="4686" status="PASS">
          <params>
            <param index="0">
              <value>
                <![CDATA[chrome]]>
              </value>
            </param>
          </params>
          <reporter-output>
          </reporter-output>
        </test-method> <!-- beforeMethod -->
        <test-method signature="verifyTheRememberMeCheckboxIsSelectedByDefault()[pri:1, instance:testClasses.LoginPageTestClass@25aca718]" started-at="2024-12-28T21:49:12 IST" name="verifyTheRememberMeCheckboxIsSelectedByDefault" finished-at="2024-12-28T21:49:12 IST" duration-ms="49" status="PASS">
          <reporter-output>
          </reporter-output>
        </test-method> <!-- verifyTheRememberMeCheckboxIsSelectedByDefault -->
        <test-method is-config="true" signature="afterMethod()[pri:0, instance:testClasses.LoginPageTestClass@25aca718]" started-at="2024-12-28T21:49:12 IST" name="afterMethod" finished-at="2024-12-28T21:49:19 IST" duration-ms="7128" status="PASS">
          <reporter-output>
          </reporter-output>
        </test-method> <!-- afterMethod -->
        <test-method is-config="true" signature="beforeMethod(java.lang.String)[pri:0, instance:testClasses.LoginPageTestClass@25aca718]" started-at="2024-12-28T21:49:19 IST" name="beforeMethod" finished-at="2024-12-28T21:49:24 IST" duration-ms="4805" status="PASS">
          <params>
            <param index="0">
              <value>
                <![CDATA[chrome]]>
              </value>
            </param>
          </params>
          <reporter-output>
          </reporter-output>
        </test-method> <!-- beforeMethod -->
        <test-method signature="verifyResetPasswordPageComingWhileChickingOnForgotYourPassword()[pri:2, instance:testClasses.LoginPageTestClass@25aca718]" started-at="2024-12-28T21:49:24 IST" name="verifyResetPasswordPageComingWhileChickingOnForgotYourPassword" finished-at="2024-12-28T21:49:25 IST" duration-ms="1170" status="PASS">
          <reporter-output>
          </reporter-output>
        </test-method> <!-- verifyResetPasswordPageComingWhileChickingOnForgotYourPassword -->
        <test-method is-config="true" signature="afterMethod()[pri:0, instance:testClasses.LoginPageTestClass@25aca718]" started-at="2024-12-28T21:49:25 IST" name="afterMethod" finished-at="2024-12-28T21:49:32 IST" duration-ms="7096" status="PASS">
          <reporter-output>
          </reporter-output>
        </test-method> <!-- afterMethod -->
        <test-method is-config="true" signature="beforeMethod(java.lang.String)[pri:0, instance:testClasses.LoginPageTestClass@25aca718]" started-at="2024-12-28T21:49:32 IST" name="beforeMethod" finished-at="2024-12-28T21:49:37 IST" duration-ms="4219" status="PASS">
          <params>
            <param index="0">
              <value>
                <![CDATA[chrome]]>
              </value>
            </param>
          </params>
          <reporter-output>
          </reporter-output>
        </test-method> <!-- beforeMethod -->
        <test-method signature="verifyUnsuccessfulLoginOfTheSite(java.lang.String,java.lang.String)[pri:3, instance:testClasses.LoginPageTestClass@25aca718]" started-at="2024-12-28T21:49:37 IST" name="verifyUnsuccessfulLoginOfTheSite" data-provider="UnsuccessfulLogin" finished-at="2024-12-28T21:49:38 IST" duration-ms="1008" status="PASS">
          <params>
            <param index="0">
              <value>
                <![CDATA[adm]]>
              </value>
            </param>
            <param index="1">
              <value>
                <![CDATA[123456]]>
              </value>
            </param>
          </params>
          <reporter-output>
          </reporter-output>
        </test-method> <!-- verifyUnsuccessfulLoginOfTheSite -->
        <test-method is-config="true" signature="afterMethod()[pri:0, instance:testClasses.LoginPageTestClass@25aca718]" started-at="2024-12-28T21:49:38 IST" name="afterMethod" finished-at="2024-12-28T21:49:45 IST" duration-ms="7141" status="PASS">
          <reporter-output>
          </reporter-output>
        </test-method> <!-- afterMethod -->
        <test-method is-config="true" signature="beforeMethod(java.lang.String)[pri:0, instance:testClasses.LoginPageTestClass@25aca718]" started-at="2024-12-28T21:49:45 IST" name="beforeMethod" finished-at="2024-12-28T21:49:49 IST" duration-ms="4568" status="PASS">
          <params>
            <param index="0">
              <value>
                <![CDATA[chrome]]>
              </value>
            </param>
          </params>
          <reporter-output>
          </reporter-output>
        </test-method> <!-- beforeMethod -->
        <test-method signature="verifyUnsuccessfulLoginOfTheSite(java.lang.String,java.lang.String)[pri:3, instance:testClasses.LoginPageTestClass@25aca718]" started-at="2024-12-28T21:49:49 IST" name="verifyUnsuccessfulLoginOfTheSite" data-provider="UnsuccessfulLogin" finished-at="2024-12-28T21:49:50 IST" duration-ms="1102" status="PASS">
          <params>
            <param index="0">
              <value>
                <![CDATA[admin]]>
              </value>
            </param>
            <param index="1">
              <value>
                <![CDATA[ad]]>
              </value>
            </param>
          </params>
          <reporter-output>
          </reporter-output>
        </test-method> <!-- verifyUnsuccessfulLoginOfTheSite -->
        <test-method is-config="true" signature="afterMethod()[pri:0, instance:testClasses.LoginPageTestClass@25aca718]" started-at="2024-12-28T21:49:50 IST" name="afterMethod" finished-at="2024-12-28T21:49:58 IST" duration-ms="7667" status="PASS">
          <reporter-output>
          </reporter-output>
        </test-method> <!-- afterMethod -->
        <test-method is-config="true" signature="beforeMethod(java.lang.String)[pri:0, instance:testClasses.LoginPageTestClass@25aca718]" started-at="2024-12-28T21:49:58 IST" name="beforeMethod" finished-at="2024-12-28T21:50:03 IST" duration-ms="4519" status="PASS">
          <params>
            <param index="0">
              <value>
                <![CDATA[chrome]]>
              </value>
            </param>
          </params>
          <reporter-output>
          </reporter-output>
        </test-method> <!-- beforeMethod -->
        <test-method signature="verifyUnsuccessfulLoginOfTheSite(java.lang.String,java.lang.String)[pri:3, instance:testClasses.LoginPageTestClass@25aca718]" started-at="2024-12-28T21:50:03 IST" name="verifyUnsuccessfulLoginOfTheSite" data-provider="UnsuccessfulLogin" finished-at="2024-12-28T21:50:04 IST" duration-ms="1007" status="PASS">
          <params>
            <param index="0">
              <value>
                <![CDATA[ad]]>
              </value>
            </param>
            <param index="1">
              <value>
                <![CDATA[124]]>
              </value>
            </param>
          </params>
          <reporter-output>
          </reporter-output>
        </test-method> <!-- verifyUnsuccessfulLoginOfTheSite -->
        <test-method is-config="true" signature="afterMethod()[pri:0, instance:testClasses.LoginPageTestClass@25aca718]" started-at="2024-12-28T21:50:04 IST" name="afterMethod" finished-at="2024-12-28T21:50:11 IST" duration-ms="7139" status="PASS">
          <reporter-output>
          </reporter-output>
        </test-method> <!-- afterMethod -->
        <test-method is-config="true" signature="beforeMethod(java.lang.String)[pri:0, instance:testClasses.LoginPageTestClass@25aca718]" started-at="2024-12-28T21:50:11 IST" name="beforeMethod" finished-at="2024-12-28T21:50:15 IST" duration-ms="4613" status="PASS">
          <params>
            <param index="0">
              <value>
                <![CDATA[chrome]]>
              </value>
            </param>
          </params>
          <reporter-output>
          </reporter-output>
        </test-method> <!-- beforeMethod -->
        <test-method signature="verifySuccessfullLogin()[pri:4, instance:testClasses.LoginPageTestClass@25aca718]" started-at="2024-12-28T21:50:15 IST" name="verifySuccessfullLogin" finished-at="2024-12-28T21:50:25 IST" duration-ms="10009" status="PASS">
          <reporter-output>
          </reporter-output>
        </test-method> <!-- verifySuccessfullLogin -->
        <test-method is-config="true" signature="afterMethod()[pri:0, instance:testClasses.LoginPageTestClass@25aca718]" started-at="2024-12-28T21:50:25 IST" name="afterMethod" finished-at="2024-12-28T21:50:32 IST" duration-ms="7120" status="PASS">
          <reporter-output>
          </reporter-output>
        </test-method> <!-- afterMethod -->
      </class> <!-- testClasses.LoginPageTestClass -->
      <class name="testClasses.ManageProductTestClass">
        <test-method is-config="true" signature="beforeMethod(java.lang.String)[pri:0, instance:testClasses.ManageProductTestClass@6f3c660a]" started-at="2024-12-28T21:46:57 IST" name="beforeMethod" finished-at="2024-12-28T21:47:08 IST" duration-ms="10767" status="PASS">
          <params>
            <param index="0">
              <value>
                <![CDATA[chrome]]>
              </value>
            </param>
          </params>
          <reporter-output>
          </reporter-output>
        </test-method> <!-- beforeMethod -->
        <test-method signature="verifyProductsPageIsOpenWhileClickingOnListProducts()[pri:0, instance:testClasses.ManageProductTestClass@6f3c660a]" started-at="2024-12-28T21:47:08 IST" name="verifyProductsPageIsOpenWhileClickingOnListProducts" finished-at="2024-12-28T21:47:13 IST" duration-ms="5118" status="PASS">
          <reporter-output>
          </reporter-output>
        </test-method> <!-- verifyProductsPageIsOpenWhileClickingOnListProducts -->
        <test-method is-config="true" signature="afterMethod()[pri:0, instance:testClasses.ManageProductTestClass@6f3c660a]" started-at="2024-12-28T21:47:13 IST" name="afterMethod" finished-at="2024-12-28T21:47:20 IST" duration-ms="7129" status="PASS">
          <reporter-output>
          </reporter-output>
        </test-method> <!-- afterMethod -->
        <test-method is-config="true" signature="beforeMethod(java.lang.String)[pri:0, instance:testClasses.ManageProductTestClass@6f3c660a]" started-at="2024-12-28T21:47:20 IST" name="beforeMethod" finished-at="2024-12-28T21:47:24 IST" duration-ms="4108" status="PASS">
          <params>
            <param index="0">
              <value>
                <![CDATA[chrome]]>
              </value>
            </param>
          </params>
          <reporter-output>
          </reporter-output>
        </test-method> <!-- beforeMethod -->
        <test-method signature="verifyToCreateA_newProduct()[pri:1, instance:testClasses.ManageProductTestClass@6f3c660a]" started-at="2024-12-28T21:47:24 IST" name="verifyToCreateA_newProduct" finished-at="2024-12-28T21:47:36 IST" duration-ms="11305" status="PASS">
          <reporter-output>
          </reporter-output>
        </test-method> <!-- verifyToCreateA_newProduct -->
        <test-method is-config="true" signature="afterMethod()[pri:0, instance:testClasses.ManageProductTestClass@6f3c660a]" started-at="2024-12-28T21:47:36 IST" name="afterMethod" finished-at="2024-12-28T21:47:43 IST" duration-ms="7152" status="PASS">
          <reporter-output>
          </reporter-output>
        </test-method> <!-- afterMethod -->
        <test-method is-config="true" signature="beforeMethod(java.lang.String)[pri:0, instance:testClasses.ManageProductTestClass@6f3c660a]" started-at="2024-12-28T21:47:43 IST" name="beforeMethod" finished-at="2024-12-28T21:47:48 IST" duration-ms="4957" status="PASS">
          <params>
            <param index="0">
              <value>
                <![CDATA[chrome]]>
              </value>
            </param>
          </params>
          <reporter-output>
          </reporter-output>
        </test-method> <!-- beforeMethod -->
        <test-method signature="verifyToDeleteAddedProduct()[pri:2, instance:testClasses.ManageProductTestClass@6f3c660a]" started-at="2024-12-28T21:47:48 IST" name="verifyToDeleteAddedProduct" finished-at="2024-12-28T21:47:59 IST" duration-ms="11805" status="PASS">
          <reporter-output>
          </reporter-output>
        </test-method> <!-- verifyToDeleteAddedProduct -->
        <test-method is-config="true" signature="afterMethod()[pri:0, instance:testClasses.ManageProductTestClass@6f3c660a]" started-at="2024-12-28T21:48:00 IST" name="afterMethod" finished-at="2024-12-28T21:48:09 IST" duration-ms="9292" status="PASS">
          <reporter-output>
          </reporter-output>
        </test-method> <!-- afterMethod -->
      </class> <!-- testClasses.ManageProductTestClass -->
    </test> <!-- ChromeTest -->
    <test started-at="2024-12-28T21:50:33 IST" name="EdgeTest" finished-at="2024-12-28T21:56:04 IST" duration-ms="331161">
      <class name="testClasses.ManageUserTestClass">
        <test-method is-config="true" signature="createReport()[pri:0, instance:testClasses.ManageUserTestClass@5adb0db3]" started-at="2024-12-28T21:46:04 IST" name="createReport" finished-at="2024-12-28T21:46:05 IST" duration-ms="18" status="PASS">
          <reporter-output>
          </reporter-output>
        </test-method> <!-- createReport -->
        <test-method is-config="true" signature="beforeMethod(java.lang.String)[pri:0, instance:testClasses.ManageUserTestClass@5adb0db3]" started-at="2024-12-28T21:50:33 IST" name="beforeMethod" finished-at="2024-12-28T21:50:39 IST" duration-ms="5817" status="PASS">
          <params>
            <param index="0">
              <value>
                <![CDATA[edge]]>
              </value>
            </param>
          </params>
          <reporter-output>
          </reporter-output>
        </test-method> <!-- beforeMethod -->
        <test-method signature="verifyTheManageUsersPageIsOpenWhileClickingOnUsers()[pri:0, instance:testClasses.ManageUserTestClass@5adb0db3]" started-at="2024-12-28T21:50:39 IST" name="verifyTheManageUsersPageIsOpenWhileClickingOnUsers" finished-at="2024-12-28T21:50:43 IST" duration-ms="4413" status="PASS">
          <reporter-output>
          </reporter-output>
        </test-method> <!-- verifyTheManageUsersPageIsOpenWhileClickingOnUsers -->
        <test-method is-config="true" signature="afterMethod()[pri:0, instance:testClasses.ManageUserTestClass@5adb0db3]" started-at="2024-12-28T21:50:43 IST" name="afterMethod" finished-at="2024-12-28T21:50:51 IST" duration-ms="7183" status="PASS">
          <reporter-output>
          </reporter-output>
        </test-method> <!-- afterMethod -->
        <test-method is-config="true" signature="beforeMethod(java.lang.String)[pri:0, instance:testClasses.ManageUserTestClass@5adb0db3]" started-at="2024-12-28T21:50:51 IST" name="beforeMethod" finished-at="2024-12-28T21:50:57 IST" duration-ms="6583" status="PASS">
          <params>
            <param index="0">
              <value>
                <![CDATA[edge]]>
              </value>
            </param>
          </params>
          <reporter-output>
          </reporter-output>
        </test-method> <!-- beforeMethod -->
        <test-method signature="verifyToAdd_aNewUser()[pri:1, instance:testClasses.ManageUserTestClass@5adb0db3]" started-at="2024-12-28T21:50:57 IST" name="verifyToAdd_aNewUser" finished-at="2024-12-28T21:51:09 IST" duration-ms="11361" status="PASS">
          <reporter-output>
          </reporter-output>
        </test-method> <!-- verifyToAdd_aNewUser -->
        <test-method is-config="true" signature="afterMethod()[pri:0, instance:testClasses.ManageUserTestClass@5adb0db3]" started-at="2024-12-28T21:51:09 IST" name="afterMethod" finished-at="2024-12-28T21:51:16 IST" duration-ms="7123" status="PASS">
          <reporter-output>
          </reporter-output>
        </test-method> <!-- afterMethod -->
      </class> <!-- testClasses.ManageUserTestClass -->
      <class name="testClasses.HomePageTestClass">
        <test-method is-config="true" signature="beforeMethod(java.lang.String)[pri:0, instance:testClasses.HomePageTestClass@1a760689]" started-at="2024-12-28T21:52:52 IST" name="beforeMethod" finished-at="2024-12-28T21:53:01 IST" duration-ms="8409" status="PASS">
          <params>
            <param index="0">
              <value>
                <![CDATA[edge]]>
              </value>
            </param>
          </params>
          <reporter-output>
          </reporter-output>
        </test-method> <!-- beforeMethod -->
        <test-method signature="verifyAllTilesDisplayedOnHomePage()[pri:0, instance:testClasses.HomePageTestClass@1a760689]" started-at="2024-12-28T21:53:01 IST" name="verifyAllTilesDisplayedOnHomePage" finished-at="2024-12-28T21:53:10 IST" duration-ms="8998" status="PASS">
          <reporter-output>
          </reporter-output>
        </test-method> <!-- verifyAllTilesDisplayedOnHomePage -->
        <test-method is-config="true" signature="afterMethod()[pri:0, instance:testClasses.HomePageTestClass@1a760689]" started-at="2024-12-28T21:53:10 IST" name="afterMethod" finished-at="2024-12-28T21:53:17 IST" duration-ms="7157" status="PASS">
          <reporter-output>
          </reporter-output>
        </test-method> <!-- afterMethod -->
        <test-method is-config="true" signature="beforeMethod(java.lang.String)[pri:0, instance:testClasses.HomePageTestClass@1a760689]" started-at="2024-12-28T21:53:17 IST" name="beforeMethod" finished-at="2024-12-28T21:53:23 IST" duration-ms="6508" status="PASS">
          <params>
            <param index="0">
              <value>
                <![CDATA[edge]]>
              </value>
            </param>
          </params>
          <reporter-output>
          </reporter-output>
        </test-method> <!-- beforeMethod -->
        <test-method signature="verifySuccessfulSignOut()[pri:1, instance:testClasses.HomePageTestClass@1a760689]" started-at="2024-12-28T21:53:23 IST" name="verifySuccessfulSignOut" finished-at="2024-12-28T21:53:27 IST" duration-ms="3430" status="PASS">
          <reporter-output>
          </reporter-output>
        </test-method> <!-- verifySuccessfulSignOut -->
        <test-method is-config="true" signature="afterMethod()[pri:0, instance:testClasses.HomePageTestClass@1a760689]" started-at="2024-12-28T21:53:27 IST" name="afterMethod" finished-at="2024-12-28T21:53:35 IST" duration-ms="8179" status="PASS">
          <reporter-output>
          </reporter-output>
        </test-method> <!-- afterMethod -->
        <test-method is-config="true" signature="beforeMethod(java.lang.String)[pri:0, instance:testClasses.HomePageTestClass@1a760689]" started-at="2024-12-28T21:53:35 IST" name="beforeMethod" finished-at="2024-12-28T21:53:42 IST" duration-ms="6969" status="PASS">
          <params>
            <param index="0">
              <value>
                <![CDATA[edge]]>
              </value>
            </param>
          </params>
          <reporter-output>
          </reporter-output>
        </test-method> <!-- beforeMethod -->
        <test-method signature="verifyTheTooltip_Calculator_isShowingWhileHoveringTheMouseOnCalculator()[pri:2, instance:testClasses.HomePageTestClass@1a760689]" started-at="2024-12-28T21:53:42 IST" name="verifyTheTooltip_Calculator_isShowingWhileHoveringTheMouseOnCalculator" finished-at="2024-12-28T21:53:45 IST" duration-ms="3232" status="PASS">
          <reporter-output>
          </reporter-output>
        </test-method> <!-- verifyTheTooltip_Calculator_isShowingWhileHoveringTheMouseOnCalculator -->
        <test-method is-config="true" signature="afterMethod()[pri:0, instance:testClasses.HomePageTestClass@1a760689]" started-at="2024-12-28T21:53:45 IST" name="afterMethod" finished-at="2024-12-28T21:53:52 IST" duration-ms="7193" status="PASS">
          <reporter-output>
          </reporter-output>
        </test-method> <!-- afterMethod -->
      </class> <!-- testClasses.HomePageTestClass -->
      <class name="testClasses.LoginPageTestClass">
        <test-method is-config="true" signature="beforeMethod(java.lang.String)[pri:0, instance:testClasses.LoginPageTestClass@7241a47d]" started-at="2024-12-28T21:53:52 IST" name="beforeMethod" finished-at="2024-12-28T21:54:21 IST" duration-ms="28725" status="PASS">
          <params>
            <param index="0">
              <value>
                <![CDATA[edge]]>
              </value>
            </param>
          </params>
          <reporter-output>
          </reporter-output>
        </test-method> <!-- beforeMethod -->
        <test-method signature="verifyTheExactURL_OpensWhileHittingTheBaseURL()[pri:0, instance:testClasses.LoginPageTestClass@7241a47d]" started-at="2024-12-28T21:54:21 IST" name="verifyTheExactURL_OpensWhileHittingTheBaseURL" finished-at="2024-12-28T21:54:21 IST" duration-ms="11" status="PASS">
          <reporter-output>
          </reporter-output>
        </test-method> <!-- verifyTheExactURL_OpensWhileHittingTheBaseURL -->
        <test-method is-config="true" signature="afterMethod()[pri:0, instance:testClasses.LoginPageTestClass@7241a47d]" started-at="2024-12-28T21:54:21 IST" name="afterMethod" finished-at="2024-12-28T21:54:28 IST" duration-ms="7136" status="PASS">
          <reporter-output>
          </reporter-output>
        </test-method> <!-- afterMethod -->
        <test-method is-config="true" signature="beforeMethod(java.lang.String)[pri:0, instance:testClasses.LoginPageTestClass@7241a47d]" started-at="2024-12-28T21:54:28 IST" name="beforeMethod" finished-at="2024-12-28T21:54:35 IST" duration-ms="6568" status="PASS">
          <params>
            <param index="0">
              <value>
                <![CDATA[edge]]>
              </value>
            </param>
          </params>
          <reporter-output>
          </reporter-output>
        </test-method> <!-- beforeMethod -->
        <test-method signature="verifyTheRememberMeCheckboxIsSelectedByDefault()[pri:1, instance:testClasses.LoginPageTestClass@7241a47d]" started-at="2024-12-28T21:54:35 IST" name="verifyTheRememberMeCheckboxIsSelectedByDefault" finished-at="2024-12-28T21:54:35 IST" duration-ms="42" status="PASS">
          <reporter-output>
          </reporter-output>
        </test-method> <!-- verifyTheRememberMeCheckboxIsSelectedByDefault -->
        <test-method is-config="true" signature="afterMethod()[pri:0, instance:testClasses.LoginPageTestClass@7241a47d]" started-at="2024-12-28T21:54:35 IST" name="afterMethod" finished-at="2024-12-28T21:54:44 IST" duration-ms="9487" status="PASS">
          <reporter-output>
          </reporter-output>
        </test-method> <!-- afterMethod -->
        <test-method is-config="true" signature="beforeMethod(java.lang.String)[pri:0, instance:testClasses.LoginPageTestClass@7241a47d]" started-at="2024-12-28T21:54:44 IST" name="beforeMethod" finished-at="2024-12-28T21:54:51 IST" duration-ms="6669" status="PASS">
          <params>
            <param index="0">
              <value>
                <![CDATA[edge]]>
              </value>
            </param>
          </params>
          <reporter-output>
          </reporter-output>
        </test-method> <!-- beforeMethod -->
        <test-method signature="verifyResetPasswordPageComingWhileChickingOnForgotYourPassword()[pri:2, instance:testClasses.LoginPageTestClass@7241a47d]" started-at="2024-12-28T21:54:51 IST" name="verifyResetPasswordPageComingWhileChickingOnForgotYourPassword" finished-at="2024-12-28T21:54:52 IST" duration-ms="912" status="PASS">
          <reporter-output>
          </reporter-output>
        </test-method> <!-- verifyResetPasswordPageComingWhileChickingOnForgotYourPassword -->
        <test-method is-config="true" signature="afterMethod()[pri:0, instance:testClasses.LoginPageTestClass@7241a47d]" started-at="2024-12-28T21:54:52 IST" name="afterMethod" finished-at="2024-12-28T21:55:00 IST" duration-ms="8173" status="PASS">
          <reporter-output>
          </reporter-output>
        </test-method> <!-- afterMethod -->
        <test-method is-config="true" signature="beforeMethod(java.lang.String)[pri:0, instance:testClasses.LoginPageTestClass@7241a47d]" started-at="2024-12-28T21:55:00 IST" name="beforeMethod" finished-at="2024-12-28T21:55:06 IST" duration-ms="6133" status="PASS">
          <params>
            <param index="0">
              <value>
                <![CDATA[edge]]>
              </value>
            </param>
          </params>
          <reporter-output>
          </reporter-output>
        </test-method> <!-- beforeMethod -->
        <test-method signature="verifyUnsuccessfulLoginOfTheSite(java.lang.String,java.lang.String)[pri:3, instance:testClasses.LoginPageTestClass@7241a47d]" started-at="2024-12-28T21:55:06 IST" name="verifyUnsuccessfulLoginOfTheSite" data-provider="UnsuccessfulLogin" finished-at="2024-12-28T21:55:07 IST" duration-ms="1056" status="PASS">
          <params>
            <param index="0">
              <value>
                <![CDATA[adm]]>
              </value>
            </param>
            <param index="1">
              <value>
                <![CDATA[123456]]>
              </value>
            </param>
          </params>
          <reporter-output>
          </reporter-output>
        </test-method> <!-- verifyUnsuccessfulLoginOfTheSite -->
        <test-method is-config="true" signature="afterMethod()[pri:0, instance:testClasses.LoginPageTestClass@7241a47d]" started-at="2024-12-28T21:55:07 IST" name="afterMethod" finished-at="2024-12-28T21:55:16 IST" duration-ms="8762" status="PASS">
          <reporter-output>
          </reporter-output>
        </test-method> <!-- afterMethod -->
        <test-method is-config="true" signature="beforeMethod(java.lang.String)[pri:0, instance:testClasses.LoginPageTestClass@7241a47d]" started-at="2024-12-28T21:55:16 IST" name="beforeMethod" finished-at="2024-12-28T21:55:22 IST" duration-ms="6253" status="PASS">
          <params>
            <param index="0">
              <value>
                <![CDATA[edge]]>
              </value>
            </param>
          </params>
          <reporter-output>
          </reporter-output>
        </test-method> <!-- beforeMethod -->
        <test-method signature="verifyUnsuccessfulLoginOfTheSite(java.lang.String,java.lang.String)[pri:3, instance:testClasses.LoginPageTestClass@7241a47d]" started-at="2024-12-28T21:55:22 IST" name="verifyUnsuccessfulLoginOfTheSite" data-provider="UnsuccessfulLogin" finished-at="2024-12-28T21:55:23 IST" duration-ms="1027" status="PASS">
          <params>
            <param index="0">
              <value>
                <![CDATA[admin]]>
              </value>
            </param>
            <param index="1">
              <value>
                <![CDATA[ad]]>
              </value>
            </param>
          </params>
          <reporter-output>
          </reporter-output>
        </test-method> <!-- verifyUnsuccessfulLoginOfTheSite -->
        <test-method is-config="true" signature="afterMethod()[pri:0, instance:testClasses.LoginPageTestClass@7241a47d]" started-at="2024-12-28T21:55:23 IST" name="afterMethod" finished-at="2024-12-28T21:55:32 IST" duration-ms="8521" status="PASS">
          <reporter-output>
          </reporter-output>
        </test-method> <!-- afterMethod -->
        <test-method is-config="true" signature="beforeMethod(java.lang.String)[pri:0, instance:testClasses.LoginPageTestClass@7241a47d]" started-at="2024-12-28T21:55:32 IST" name="beforeMethod" finished-at="2024-12-28T21:55:39 IST" duration-ms="6692" status="PASS">
          <params>
            <param index="0">
              <value>
                <![CDATA[edge]]>
              </value>
            </param>
          </params>
          <reporter-output>
          </reporter-output>
        </test-method> <!-- beforeMethod -->
        <test-method signature="verifyUnsuccessfulLoginOfTheSite(java.lang.String,java.lang.String)[pri:3, instance:testClasses.LoginPageTestClass@7241a47d]" started-at="2024-12-28T21:55:39 IST" name="verifyUnsuccessfulLoginOfTheSite" data-provider="UnsuccessfulLogin" finished-at="2024-12-28T21:55:40 IST" duration-ms="1050" status="PASS">
          <params>
            <param index="0">
              <value>
                <![CDATA[ad]]>
              </value>
            </param>
            <param index="1">
              <value>
                <![CDATA[124]]>
              </value>
            </param>
          </params>
          <reporter-output>
          </reporter-output>
        </test-method> <!-- verifyUnsuccessfulLoginOfTheSite -->
        <test-method is-config="true" signature="afterMethod()[pri:0, instance:testClasses.LoginPageTestClass@7241a47d]" started-at="2024-12-28T21:55:40 IST" name="afterMethod" finished-at="2024-12-28T21:55:48 IST" duration-ms="8416" status="PASS">
          <reporter-output>
          </reporter-output>
        </test-method> <!-- afterMethod -->
        <test-method is-config="true" signature="beforeMethod(java.lang.String)[pri:0, instance:testClasses.LoginPageTestClass@7241a47d]" started-at="2024-12-28T21:55:48 IST" name="beforeMethod" finished-at="2024-12-28T21:55:54 IST" duration-ms="6235" status="PASS">
          <params>
            <param index="0">
              <value>
                <![CDATA[edge]]>
              </value>
            </param>
          </params>
          <reporter-output>
          </reporter-output>
        </test-method> <!-- beforeMethod -->
        <test-method signature="verifySuccessfullLogin()[pri:4, instance:testClasses.LoginPageTestClass@7241a47d]" started-at="2024-12-28T21:55:54 IST" name="verifySuccessfullLogin" finished-at="2024-12-28T21:55:57 IST" duration-ms="2801" status="PASS">
          <reporter-output>
          </reporter-output>
        </test-method> <!-- verifySuccessfullLogin -->
        <test-method is-config="true" signature="afterMethod()[pri:0, instance:testClasses.LoginPageTestClass@7241a47d]" started-at="2024-12-28T21:55:57 IST" name="afterMethod" finished-at="2024-12-28T21:56:04 IST" duration-ms="7154" status="PASS">
          <reporter-output>
          </reporter-output>
        </test-method> <!-- afterMethod -->
      </class> <!-- testClasses.LoginPageTestClass -->
      <class name="testClasses.ManageProductTestClass">
        <test-method is-config="true" signature="beforeMethod(java.lang.String)[pri:0, instance:testClasses.ManageProductTestClass@3f270e0a]" started-at="2024-12-28T21:51:16 IST" name="beforeMethod" finished-at="2024-12-28T21:51:22 IST" duration-ms="6629" status="PASS">
          <params>
            <param index="0">
              <value>
                <![CDATA[edge]]>
              </value>
            </param>
          </params>
          <reporter-output>
          </reporter-output>
        </test-method> <!-- beforeMethod -->
        <test-method signature="verifyProductsPageIsOpenWhileClickingOnListProducts()[pri:0, instance:testClasses.ManageProductTestClass@3f270e0a]" started-at="2024-12-28T21:51:22 IST" name="verifyProductsPageIsOpenWhileClickingOnListProducts" finished-at="2024-12-28T21:51:32 IST" duration-ms="9497" status="PASS">
          <reporter-output>
          </reporter-output>
        </test-method> <!-- verifyProductsPageIsOpenWhileClickingOnListProducts -->
        <test-method is-config="true" signature="afterMethod()[pri:0, instance:testClasses.ManageProductTestClass@3f270e0a]" started-at="2024-12-28T21:51:32 IST" name="afterMethod" finished-at="2024-12-28T21:51:39 IST" duration-ms="7161" status="PASS">
          <reporter-output>
          </reporter-output>
        </test-method> <!-- afterMethod -->
        <test-method is-config="true" signature="beforeMethod(java.lang.String)[pri:0, instance:testClasses.ManageProductTestClass@3f270e0a]" started-at="2024-12-28T21:51:39 IST" name="beforeMethod" finished-at="2024-12-28T21:51:45 IST" duration-ms="6308" status="PASS">
          <params>
            <param index="0">
              <value>
                <![CDATA[edge]]>
              </value>
            </param>
          </params>
          <reporter-output>
          </reporter-output>
        </test-method> <!-- beforeMethod -->
        <test-method signature="verifyToCreateA_newProduct()[pri:1, instance:testClasses.ManageProductTestClass@3f270e0a]" started-at="2024-12-28T21:51:45 IST" name="verifyToCreateA_newProduct" finished-at="2024-12-28T21:51:57 IST" duration-ms="11442" status="PASS">
          <reporter-output>
          </reporter-output>
        </test-method> <!-- verifyToCreateA_newProduct -->
        <test-method is-config="true" signature="afterMethod()[pri:0, instance:testClasses.ManageProductTestClass@3f270e0a]" started-at="2024-12-28T21:51:57 IST" name="afterMethod" finished-at="2024-12-28T21:52:04 IST" duration-ms="7144" status="PASS">
          <reporter-output>
          </reporter-output>
        </test-method> <!-- afterMethod -->
        <test-method is-config="true" signature="beforeMethod(java.lang.String)[pri:0, instance:testClasses.ManageProductTestClass@3f270e0a]" started-at="2024-12-28T21:52:04 IST" name="beforeMethod" finished-at="2024-12-28T21:52:11 IST" duration-ms="6740" status="PASS">
          <params>
            <param index="0">
              <value>
                <![CDATA[edge]]>
              </value>
            </param>
          </params>
          <reporter-output>
          </reporter-output>
        </test-method> <!-- beforeMethod -->
        <test-method signature="verifyToDeleteAddedProduct()[pri:2, instance:testClasses.ManageProductTestClass@3f270e0a]" started-at="2024-12-28T21:52:11 IST" name="verifyToDeleteAddedProduct" finished-at="2024-12-28T21:52:45 IST" duration-ms="34496" status="PASS">
          <reporter-output>
          </reporter-output>
        </test-method> <!-- verifyToDeleteAddedProduct -->
        <test-method is-config="true" signature="afterMethod()[pri:0, instance:testClasses.ManageProductTestClass@3f270e0a]" started-at="2024-12-28T21:52:45 IST" name="afterMethod" finished-at="2024-12-28T21:52:52 IST" duration-ms="7154" status="PASS">
          <reporter-output>
          </reporter-output>
        </test-method> <!-- afterMethod -->
      </class> <!-- testClasses.ManageProductTestClass -->
    </test> <!-- EdgeTest -->
  </suite> <!-- Suite -->
</testng-results>
